Determining if the pthread_create exist failed with the following output:
Change Dir: /home/gonzalo/CLionProjects/BaseDeDatosTP1/Algo2TP1BaseDeDatos/tp1_base/cmake-build-debug/CMakeFiles/CMakeTmp

Run Build Command:"/usr/bin/make" "cmTC_606e6/fast"
/usr/bin/make -f CMakeFiles/cmTC_606e6.dir/build.make CMakeFiles/cmTC_606e6.dir/build
make[1]: Entering directory '/home/gonzalo/CLionProjects/BaseDeDatosTP1/Algo2TP1BaseDeDatos/tp1_base/cmake-build-debug/CMakeFiles/CMakeTmp'
Building C object CMakeFiles/cmTC_606e6.dir/CheckSymbolExists.c.o
/usr/bin/cc    -o CMakeFiles/cmTC_606e6.dir/CheckSymbolExists.c.o   -c /home/gonzalo/CLionProjects/BaseDeDatosTP1/Algo2TP1BaseDeDatos/tp1_base/cmake-build-debug/CMakeFiles/CMakeTmp/CheckSymbolExists.c
Linking C executable cmTC_606e6
/home/gonzalo/clion-2017.2.1/bin/cmake/bin/cmake -E cmake_link_script CMakeFiles/cmTC_606e6.dir/link.txt --verbose=1
/usr/bin/cc      -rdynamic CMakeFiles/cmTC_606e6.dir/CheckSymbolExists.c.o  -o cmTC_606e6 
CMakeFiles/cmTC_606e6.dir/CheckSymbolExists.c.o: In function `main':
CheckSymbolExists.c:(.text+0x1b): undefined reference to `pthread_create'
collect2: error: ld returned 1 exit status
CMakeFiles/cmTC_606e6.dir/build.make:97: recipe for target 'cmTC_606e6' failed
make[1]: *** [cmTC_606e6] Error 1
make[1]: Leaving directory '/home/gonzalo/CLionProjects/BaseDeDatosTP1/Algo2TP1BaseDeDatos/tp1_base/cmake-build-debug/CMakeFiles/CMakeTmp'
Makefile:126: recipe for target 'cmTC_606e6/fast' failed
make: *** [cmTC_606e6/fast] Error 2

File /home/gonzalo/CLionProjects/BaseDeDatosTP1/Algo2TP1BaseDeDatos/tp1_base/cmake-build-debug/CMakeFiles/CMakeTmp/CheckSymbolExists.c:
/* */
#include <pthread.h>

int main(int argc, char** argv)
{
  (void)argv;
#ifndef pthread_create
  return ((int*)(&pthread_create))[argc];
#else
  (void)argc;
  return 0;
#endif
}

Determining if the function pthread_create exists in the pthreads failed with the following output:
Change Dir: /home/gonzalo/CLionProjects/BaseDeDatosTP1/Algo2TP1BaseDeDatos/tp1_base/cmake-build-debug/CMakeFiles/CMakeTmp

Run Build Command:"/usr/bin/make" "cmTC_4832f/fast"
/usr/bin/make -f CMakeFiles/cmTC_4832f.dir/build.make CMakeFiles/cmTC_4832f.dir/build
make[1]: Entering directory '/home/gonzalo/CLionProjects/BaseDeDatosTP1/Algo2TP1BaseDeDatos/tp1_base/cmake-build-debug/CMakeFiles/CMakeTmp'
Building C object CMakeFiles/cmTC_4832f.dir/CheckFunctionExists.c.o
/usr/bin/cc   -DCHECK_FUNCTION_EXISTS=pthread_create   -o CMakeFiles/cmTC_4832f.dir/CheckFunctionExists.c.o   -c /home/gonzalo/clion-2017.2.1/bin/cmake/share/cmake-3.8/Modules/CheckFunctionExists.c
Linking C executable cmTC_4832f
/home/gonzalo/clion-2017.2.1/bin/cmake/bin/cmake -E cmake_link_script CMakeFiles/cmTC_4832f.dir/link.txt --verbose=1
/usr/bin/cc  -DCHECK_FUNCTION_EXISTS=pthread_create    -rdynamic CMakeFiles/cmTC_4832f.dir/CheckFunctionExists.c.o  -o cmTC_4832f -lpthreads 
/usr/bin/ld: cannot find -lpthreads
collect2: error: ld returned 1 exit status
CMakeFiles/cmTC_4832f.dir/build.make:97: recipe for target 'cmTC_4832f' failed
make[1]: *** [cmTC_4832f] Error 1
make[1]: Leaving directory '/home/gonzalo/CLionProjects/BaseDeDatosTP1/Algo2TP1BaseDeDatos/tp1_base/cmake-build-debug/CMakeFiles/CMakeTmp'
Makefile:126: recipe for target 'cmTC_4832f/fast' failed
make: *** [cmTC_4832f/fast] Error 2


